<?xml version="1.0" encoding="utf-8"?><testsuites name="pytest tests"><testsuite name="pytest" errors="0" failures="0" skipped="0" tests="12" time="0.927" timestamp="2026-01-26T05:31:34.302979+00:00" hostname="agent-env-12fe6c70-83c7-4160-adc6-38aaffabc955"><testcase classname="backend.tests.test_admob_features.TestAdminAuth" name="test_admin_signin" time="0.302" /><testcase classname="backend.tests.test_admob_features.TestAdminAuth" name="test_invalid_credentials" time="0.043" /><testcase classname="backend.tests.test_admob_features.TestPublicAdMobEndpoint" name="test_public_admob_settings_accessible" time="0.039" /><testcase classname="backend.tests.test_admob_features.TestPublicAdMobEndpoint" name="test_public_admob_returns_correct_defaults" time="0.052" /><testcase classname="backend.tests.test_admob_features.TestAdMobSettingsAPI" name="test_get_admob_settings_requires_auth" time="0.037" /><testcase classname="backend.tests.test_admob_features.TestAdMobSettingsAPI" name="test_get_admob_settings_with_auth" time="0.043" /><testcase classname="backend.tests.test_admob_features.TestAdMobSettingsAPI" name="test_post_admob_settings" time="0.089" /><testcase classname="backend.tests.test_admob_features.TestAdMobSettingsAPI" name="test_public_admob_reflects_saved_settings" time="0.060" /><testcase classname="backend.tests.test_admob_features.TestOtherAdminEndpoints" name="test_dashboard_stats" time="0.045" /><testcase classname="backend.tests.test_admob_features.TestOtherAdminEndpoints" name="test_ai_models_settings" time="0.042" /><testcase classname="backend.tests.test_admob_features.TestOtherAdminEndpoints" name="test_public_oauth_settings" time="0.038" /><testcase classname="backend.tests.test_admob_features.TestCleanup" name="test_reset_admob_settings" time="0.067" /></testsuite></testsuites>