<?xml version="1.0" encoding="utf-8"?><testsuites name="pytest tests"><testsuite name="pytest" errors="0" failures="0" skipped="0" tests="13" time="0.769" timestamp="2026-02-13T07:44:50.817050+00:00" hostname="agent-env-e40aa104-3bbb-42ff-b4cf-2a8293f25547"><testcase classname="backend.tests.test_advertiser_payments.TestPackagesAPI" name="test_get_packages_returns_200" time="0.094" /><testcase classname="backend.tests.test_advertiser_payments.TestPackagesAPI" name="test_get_packages_returns_4_packages" time="0.041" /><testcase classname="backend.tests.test_advertiser_payments.TestPackagesAPI" name="test_packages_have_correct_structure" time="0.041" /><testcase classname="backend.tests.test_advertiser_payments.TestPackagesAPI" name="test_packages_pricing_is_correct" time="0.035" /><testcase classname="backend.tests.test_advertiser_payments.TestAdvertiserAdsAPI" name="test_create_ad_returns_success" time="0.043" /><testcase classname="backend.tests.test_advertiser_payments.TestAdvertiserAdsAPI" name="test_create_ad_with_3_months" time="0.046" /><testcase classname="backend.tests.test_advertiser_payments.TestAdvertiserAdsAPI" name="test_get_ad_by_id" time="0.087" /><testcase classname="backend.tests.test_advertiser_payments.TestPaymentGatewaysAPI" name="test_get_payment_gateways" time="0.042" /><testcase classname="backend.tests.test_advertiser_payments.TestAdvertiserPricingAPI" name="test_get_pricing" time="0.032" /><testcase classname="backend.tests.test_advertiser_payments.TestPaymentCheckoutAPI" name="test_checkout_requires_valid_package" time="0.079" /><testcase classname="backend.tests.test_advertiser_payments.TestPaymentCheckoutAPI" name="test_checkout_requires_valid_ad" time="0.081" /><testcase classname="backend.tests.test_advertiser_payments.TestHealthAndBasics" name="test_health_check" time="0.044" /><testcase classname="backend.tests.test_advertiser_payments.TestHealthAndBasics" name="test_get_ads" time="0.040" /></testsuite></testsuites>