<?xml version="1.0" encoding="utf-8"?><testsuites name="pytest tests"><testsuite name="pytest" errors="0" failures="0" skipped="0" tests="9" time="16.579" timestamp="2026-01-26T05:10:14.207398+00:00" hostname="agent-env-12fe6c70-83c7-4160-adc6-38aaffabc955"><testcase classname="tests.test_ai_features.TestClaudeAIPublicEndpoints" name="test_public_status_endpoint" time="0.081" /><testcase classname="tests.test_ai_features.TestClaudeAIAuthenticatedEndpoints" name="test_status_endpoint_with_auth" time="0.360" /><testcase classname="tests.test_ai_features.TestClaudeAIAuthenticatedEndpoints" name="test_chat_endpoint_with_user_token" time="4.496" /><testcase classname="tests.test_ai_features.TestClaudeAIAuthenticatedEndpoints" name="test_generate_response_endpoint" time="10.690" /><testcase classname="tests.test_ai_features.TestClaudeAIAuthenticatedEndpoints" name="test_chat_without_auth" time="0.067" /><testcase classname="tests.test_ai_features.TestAdminDashboardStats" name="test_dashboard_stats" time="0.334" /><testcase classname="tests.test_ai_features.TestAdsEndpoints" name="test_get_ads" time="0.049" /><testcase classname="tests.test_ai_features.TestActivityEndpoints" name="test_heartbeat_endpoint" time="0.317" /><testcase classname="tests.test_ai_features.TestActivityEndpoints" name="test_ad_viewers_endpoint" time="0.106" /></testsuite></testsuites>