<?xml version="1.0" encoding="utf-8"?><testsuites name="pytest tests"><testsuite name="pytest" errors="0" failures="0" skipped="0" tests="15" time="1.576" timestamp="2026-02-13T07:52:12.619897+00:00" hostname="agent-env-e40aa104-3bbb-42ff-b4cf-2a8293f25547"><testcase classname="backend.tests.test_analytics_and_2fa.TestAnalyticsAPIs" name="test_platform_overview_returns_200" time="0.103" /><testcase classname="backend.tests.test_analytics_and_2fa.TestAnalyticsAPIs" name="test_platform_overview_daily_stats" time="0.051" /><testcase classname="backend.tests.test_analytics_and_2fa.TestAnalyticsAPIs" name="test_top_ads_returns_200" time="0.042" /><testcase classname="backend.tests.test_analytics_and_2fa.TestAnalyticsAPIs" name="test_top_ads_with_limit" time="0.040" /><testcase classname="backend.tests.test_analytics_and_2fa.TestTwoFactorAuthAPIs" name="test_send_login_code_valid_email" time="0.043" /><testcase classname="backend.tests.test_analytics_and_2fa.TestTwoFactorAuthAPIs" name="test_send_login_code_nonexistent_email" time="0.040" /><testcase classname="backend.tests.test_analytics_and_2fa.TestTwoFactorAuthAPIs" name="test_send_login_code_missing_email" time="0.077" /><testcase classname="backend.tests.test_analytics_and_2fa.TestTwoFactorAuthAPIs" name="test_enable_2fa_requires_auth" time="0.035" /><testcase classname="backend.tests.test_analytics_and_2fa.TestTwoFactorAuthAPIs" name="test_2fa_status_requires_auth" time="0.038" /><testcase classname="backend.tests.test_analytics_and_2fa.TestTwoFactorAuthAPIs" name="test_verify_2fa_requires_auth" time="0.040" /><testcase classname="backend.tests.test_analytics_and_2fa.TestTwoFactorAuthAPIs" name="test_validate_2fa_invalid_code" time="0.042" /><testcase classname="backend.tests.test_analytics_and_2fa.TestAuthenticatedTwoFactorAPIs" name="test_enable_2fa_with_auth" time="0.557" /><testcase classname="backend.tests.test_analytics_and_2fa.TestAuthenticatedTwoFactorAPIs" name="test_2fa_status_with_auth" time="0.327" /><testcase classname="backend.tests.test_analytics_and_2fa.TestHealthAndBasicEndpoints" name="test_health_check" time="0.037" /><testcase classname="backend.tests.test_analytics_and_2fa.TestHealthAndBasicEndpoints" name="test_api_root" time="0.036" /></testsuite></testsuites>