<?xml version="1.0" encoding="utf-8"?><testsuites name="pytest tests"><testsuite name="pytest" errors="0" failures="0" skipped="0" tests="8" time="2.651" timestamp="2026-02-13T06:44:33.813787+00:00" hostname="agent-env-307069f2-5c69-485b-9a4b-c3ad1c5210c9"><testcase classname="backend.tests.test_change_password.TestChangePasswordAPI" name="test_change_password_wrong_current_password" time="0.564" /><testcase classname="backend.tests.test_change_password.TestChangePasswordAPI" name="test_change_password_same_password" time="0.772" /><testcase classname="backend.tests.test_change_password.TestChangePasswordAPI" name="test_change_password_weak_password" time="0.538" /><testcase classname="backend.tests.test_change_password.TestChangePasswordAPI" name="test_change_password_no_auth" time="0.317" /><testcase classname="backend.tests.test_change_password.TestGuestModeAPI" name="test_ads_endpoint_accessible" time="0.042" /><testcase classname="backend.tests.test_change_password.TestGuestModeAPI" name="test_health_endpoint" time="0.037" /><testcase classname="backend.tests.test_change_password.TestNavigationEndpoints" name="test_auth_signin_endpoint" time="0.274" /><testcase classname="backend.tests.test_change_password.TestNavigationEndpoints" name="test_auth_logout_endpoint" time="0.036" /></testsuite></testsuites>