<?xml version="1.0" encoding="utf-8"?><testsuites name="pytest tests"><testsuite name="pytest" errors="0" failures="0" skipped="0" tests="9" time="2.213" timestamp="2026-02-14T20:38:40.271842+00:00" hostname="agent-env-b9c47bba-8967-4e43-909a-60cb59d40808"><testcase classname="backend.tests.test_comments_api.TestCommentsAPI" name="test_get_comments_for_ad_returns_200" time="0.367" /><testcase classname="backend.tests.test_comments_api.TestCommentsAPI" name="test_get_comments_for_nonexistent_ad_returns_empty_list" time="0.237" /><testcase classname="backend.tests.test_comments_api.TestCommentsAPI" name="test_get_comments_with_pagination" time="0.271" /><testcase classname="backend.tests.test_comments_api.TestCommentsAPI" name="test_post_comment_without_auth_returns_error" time="0.236" /><testcase classname="backend.tests.test_comments_api.TestCommentsAPI" name="test_like_comment_without_auth_returns_error" time="0.219" /><testcase classname="backend.tests.test_comments_api.TestCommentsAPI" name="test_delete_comment_without_auth_returns_error" time="0.246" /><testcase classname="backend.tests.test_comments_api.TestCommentsAPI" name="test_get_user_comments_without_auth_returns_error" time="0.267" /><testcase classname="backend.tests.test_comments_api.TestAdsAPI" name="test_get_ads_returns_200" time="0.132" /><testcase classname="backend.tests.test_comments_api.TestHealthAPI" name="test_health_endpoint" time="0.140" /></testsuite></testsuites>