<?xml version="1.0" encoding="utf-8"?><testsuites name="pytest tests"><testsuite name="pytest" errors="0" failures="0" skipped="0" tests="10" time="2.531" timestamp="2026-02-06T04:16:48.908028+00:00" hostname="agent-env-14f84845-3530-426d-a4ed-a2d2e7f32839"><testcase classname="backend.tests.test_new_features.TestLogin" name="test_viewer_login_success" time="0.342" /><testcase classname="backend.tests.test_new_features.TestLogin" name="test_admin_login_success" time="0.291" /><testcase classname="backend.tests.test_new_features.TestLogin" name="test_login_invalid_password" time="0.264" /><testcase classname="backend.tests.test_new_features.TestLogout" name="test_logout_endpoint" time="0.036" /><testcase classname="backend.tests.test_new_features.TestRewardedAdsComplete" name="test_complete_rewarded_ad_success" time="0.355" /><testcase classname="backend.tests.test_new_features.TestRewardedAdsComplete" name="test_complete_ad_short_duration_fails" time="0.337" /><testcase classname="backend.tests.test_new_features.TestRewardedAdsComplete" name="test_complete_ad_not_completed_fails" time="0.343" /><testcase classname="backend.tests.test_new_features.TestRewardedAdsStats" name="test_get_user_stats" time="0.360" /><testcase classname="backend.tests.test_new_features.TestRewardedAdsLeaderboard" name="test_get_leaderboard" time="0.085" /><testcase classname="backend.tests.test_new_features.TestAdsEndpoint" name="test_get_ads" time="0.051" /></testsuite></testsuites>