<?xml version="1.0" encoding="utf-8"?><testsuites name="pytest tests"><testsuite name="pytest" errors="0" failures="0" skipped="0" tests="22" time="4.162" timestamp="2026-01-23T11:30:25.890599+00:00" hostname="agent-env-2aa7f538-4306-4c0c-835b-a106f5797d57"><testcase classname="backend.tests.test_saqr_api.TestHealthCheck" name="test_api_root" time="0.054" /><testcase classname="backend.tests.test_saqr_api.TestEmailAuthentication" name="test_register_new_user" time="0.285" /><testcase classname="backend.tests.test_saqr_api.TestEmailAuthentication" name="test_register_duplicate_email" time="0.302" /><testcase classname="backend.tests.test_saqr_api.TestEmailAuthentication" name="test_login_with_email" time="0.524" /><testcase classname="backend.tests.test_saqr_api.TestEmailAuthentication" name="test_login_invalid_credentials" time="0.040" /><testcase classname="backend.tests.test_saqr_api.TestEmailAuthentication" name="test_get_current_user_unauthorized" time="0.033" /><testcase classname="backend.tests.test_saqr_api.TestAdsAPI" name="test_get_ads_public" time="0.039" /><testcase classname="backend.tests.test_saqr_api.TestAdvertiserAPI" name="test_get_pricing" time="0.034" /><testcase classname="backend.tests.test_saqr_api.TestAdvertiserAPI" name="test_create_advertiser_ad" time="0.040" /><testcase classname="backend.tests.test_saqr_api.TestAdminAuth" name="test_admin_login" time="0.305" /><testcase classname="backend.tests.test_saqr_api.TestAdminAuth" name="test_admin_login_invalid" time="0.303" /><testcase classname="backend.tests.test_saqr_api.TestAdminDashboard" name="test_dashboard_stats" time="0.341" /><testcase classname="backend.tests.test_saqr_api.TestAdminDashboard" name="test_dashboard_stats_unauthorized" time="0.032" /><testcase classname="backend.tests.test_saqr_api.TestLogout" name="test_logout" time="0.033" /><testcase classname="backend.tests.test_stripe_payments.TestPaymentPackages" name="test_get_packages" time="0.033" /><testcase classname="backend.tests.test_stripe_payments.TestStripeCheckout" name="test_create_checkout_session_1_month" time="0.449" /><testcase classname="backend.tests.test_stripe_payments.TestStripeCheckout" name="test_create_checkout_session_3_months" time="0.423" /><testcase classname="backend.tests.test_stripe_payments.TestStripeCheckout" name="test_create_checkout_invalid_package" time="0.072" /><testcase classname="backend.tests.test_stripe_payments.TestStripeCheckout" name="test_create_checkout_invalid_ad" time="0.038" /><testcase classname="backend.tests.test_stripe_payments.TestPaymentStatus" name="test_payment_status_invalid_session" time="0.037" /><testcase classname="backend.tests.test_stripe_payments.TestPaymentStatus" name="test_payment_status_valid_session" time="0.645" /><testcase classname="backend.tests.test_stripe_payments.TestAdvertiserAdCreation" name="test_create_ad_returns_payment_info" time="0.037" /></testsuite></testsuites>