<?xml version="1.0" encoding="utf-8"?><testsuites name="pytest tests"><testsuite name="pytest" errors="0" failures="0" skipped="0" tests="10" time="1.416" timestamp="2026-01-27T04:18:14.964255+00:00" hostname="agent-env-844754c5-218b-40d4-9f3e-4dee57a36eaf"><testcase classname="tests.test_rewards_api.TestPublicRewardsAPI" name="test_get_public_rewards_settings" time="0.119" /><testcase classname="tests.test_rewards_api.TestPublicRewardsAPI" name="test_daily_challenges_structure" time="0.041" /><testcase classname="tests.test_rewards_api.TestPublicRewardsAPI" name="test_tips_structure" time="0.039" /><testcase classname="tests.test_rewards_api.TestHealthAPI" name="test_health_check" time="0.043" /><testcase classname="tests.test_rewards_api.TestPublicAdsAPI" name="test_get_public_ads" time="0.040" /><testcase classname="tests.test_rewards_api.TestAdminAuth" name="test_admin_login_success" time="0.294" /><testcase classname="tests.test_rewards_api.TestAdminAuth" name="test_admin_login_invalid_credentials" time="0.058" /><testcase classname="tests.test_rewards_api.TestAdminRewardsSettings" name="test_get_admin_rewards_settings" time="0.325" /><testcase classname="tests.test_rewards_api.TestAdminRewardsSettings" name="test_update_admin_rewards_settings" time="0.348" /><testcase classname="tests.test_rewards_api.TestRewardedAdsAPI" name="test_get_rewarded_leaderboard" time="0.036" /></testsuite></testsuites>