<?xml version="1.0" encoding="utf-8"?><testsuites name="pytest tests"><testsuite name="pytest" errors="0" failures="0" skipped="0" tests="8" time="2.022" timestamp="2026-01-23T11:30:16.950601+00:00" hostname="agent-env-2aa7f538-4306-4c0c-835b-a106f5797d57"><testcase classname="backend.tests.test_stripe_payments.TestPaymentPackages" name="test_get_packages" time="0.079" /><testcase classname="backend.tests.test_stripe_payments.TestStripeCheckout" name="test_create_checkout_session_1_month" time="0.558" /><testcase classname="backend.tests.test_stripe_payments.TestStripeCheckout" name="test_create_checkout_session_3_months" time="0.431" /><testcase classname="backend.tests.test_stripe_payments.TestStripeCheckout" name="test_create_checkout_invalid_package" time="0.079" /><testcase classname="backend.tests.test_stripe_payments.TestStripeCheckout" name="test_create_checkout_invalid_ad" time="0.041" /><testcase classname="backend.tests.test_stripe_payments.TestPaymentStatus" name="test_payment_status_invalid_session" time="0.083" /><testcase classname="backend.tests.test_stripe_payments.TestPaymentStatus" name="test_payment_status_valid_session" time="0.647" /><testcase classname="backend.tests.test_stripe_payments.TestAdvertiserAdCreation" name="test_create_ad_returns_payment_info" time="0.040" /></testsuite></testsuites>