<?xml version="1.0" encoding="utf-8"?><testsuites name="pytest tests"><testsuite name="pytest" errors="0" failures="0" skipped="0" tests="10" time="2.348" timestamp="2026-01-23T13:06:58.189680+00:00" hostname="agent-env-c6e9093d-367a-4afb-8caa-0327a732e039"><testcase classname="tests.test_unified_auth.TestUnifiedSignin" name="test_admin_signin_returns_admin_role" time="0.279" /><testcase classname="tests.test_unified_auth.TestUnifiedSignin" name="test_regular_user_signin_returns_user_role" time="0.266" /><testcase classname="tests.test_unified_auth.TestUnifiedSignin" name="test_invalid_credentials_returns_401" time="0.041" /><testcase classname="tests.test_unified_auth.TestUnifiedSignin" name="test_wrong_password_returns_401" time="0.261" /><testcase classname="tests.test_unified_auth.TestUserRegistration" name="test_register_new_user" time="0.267" /><testcase classname="tests.test_unified_auth.TestUserRegistration" name="test_register_then_signin" time="0.522" /><testcase classname="tests.test_unified_auth.TestUserRegistration" name="test_register_duplicate_email_fails" time="0.041" /><testcase classname="tests.test_unified_auth.TestUserRegistration" name="test_register_with_admin_email_should_be_blocked" time="0.039" /><testcase classname="tests.test_unified_auth.TestAdminVsUserDifferentiation" name="test_admin_response_structure" time="0.310" /><testcase classname="tests.test_unified_auth.TestAdminVsUserDifferentiation" name="test_user_response_structure" time="0.270" /></testsuite></testsuites>